Started GET "/" for 127.0.0.1 at 2018-02-06 17:55:29 -0600
Processing by Rails::WelcomeController#index as HTML
  Rendering /home/jordimairena/.rvm/gems/ruby-2.4.1/gems/railties-5.1.4/lib/rails/templates/rails/welcome/index.html.erb
  Rendered /home/jordimairena/.rvm/gems/ruby-2.4.1/gems/railties-5.1.4/lib/rails/templates/rails/welcome/index.html.erb (15.1ms)
Completed 200 OK in 668ms (Views: 46.5ms)


Started GET "/" for 127.0.0.1 at 2018-02-06 20:51:44 -0600
  
ActionController::RoutingError (uninitialized constant Welcome):
  
activesupport (5.1.4) lib/active_support/inflector/methods.rb:269:in `const_get'
activesupport (5.1.4) lib/active_support/inflector/methods.rb:269:in `block in constantize'
activesupport (5.1.4) lib/active_support/inflector/methods.rb:267:in `each'
activesupport (5.1.4) lib/active_support/inflector/methods.rb:267:in `inject'
activesupport (5.1.4) lib/active_support/inflector/methods.rb:267:in `constantize'
actionpack (5.1.4) lib/action_dispatch/http/request.rb:85:in `controller_class_for'
actionpack (5.1.4) lib/action_dispatch/http/request.rb:78:in `controller_class'
actionpack (5.1.4) lib/action_dispatch/routing/route_set.rb:43:in `controller'
actionpack (5.1.4) lib/action_dispatch/routing/route_set.rb:29:in `serve'
actionpack (5.1.4) lib/action_dispatch/journey/router.rb:50:in `block in serve'
actionpack (5.1.4) lib/action_dispatch/journey/router.rb:33:in `each'
actionpack (5.1.4) lib/action_dispatch/journey/router.rb:33:in `serve'
actionpack (5.1.4) lib/action_dispatch/routing/route_set.rb:834:in `call'
rack (2.0.3) lib/rack/etag.rb:25:in `call'
rack (2.0.3) lib/rack/conditional_get.rb:25:in `call'
rack (2.0.3) lib/rack/head.rb:12:in `call'
rack (2.0.3) lib/rack/session/abstract/id.rb:232:in `context'
rack (2.0.3) lib/rack/session/abstract/id.rb:226:in `call'
actionpack (5.1.4) lib/action_dispatch/middleware/cookies.rb:613:in `call'
activerecord (5.1.4) lib/active_record/migration.rb:556:in `call'
actionpack (5.1.4) lib/action_dispatch/middleware/callbacks.rb:26:in `block in call'
activesupport (5.1.4) lib/active_support/callbacks.rb:97:in `run_callbacks'
actionpack (5.1.4) lib/action_dispatch/middleware/callbacks.rb:24:in `call'
actionpack (5.1.4) lib/action_dispatch/middleware/executor.rb:12:in `call'
actionpack (5.1.4) lib/action_dispatch/middleware/debug_exceptions.rb:59:in `call'
web-console (3.5.1) lib/web_console/middleware.rb:135:in `call_app'
web-console (3.5.1) lib/web_console/middleware.rb:28:in `block in call'
web-console (3.5.1) lib/web_console/middleware.rb:18:in `catch'
web-console (3.5.1) lib/web_console/middleware.rb:18:in `call'
actionpack (5.1.4) lib/action_dispatch/middleware/show_exceptions.rb:31:in `call'
railties (5.1.4) lib/rails/rack/logger.rb:36:in `call_app'
railties (5.1.4) lib/rails/rack/logger.rb:24:in `block in call'
activesupport (5.1.4) lib/active_support/tagged_logging.rb:69:in `block in tagged'
activesupport (5.1.4) lib/active_support/tagged_logging.rb:26:in `tagged'
activesupport (5.1.4) lib/active_support/tagged_logging.rb:69:in `tagged'
railties (5.1.4) lib/rails/rack/logger.rb:24:in `call'
sprockets-rails (3.2.1) lib/sprockets/rails/quiet_assets.rb:13:in `call'
actionpack (5.1.4) lib/action_dispatch/middleware/remote_ip.rb:79:in `call'
actionpack (5.1.4) lib/action_dispatch/middleware/request_id.rb:25:in `call'
rack (2.0.3) lib/rack/method_override.rb:22:in `call'
rack (2.0.3) lib/rack/runtime.rb:22:in `call'
activesupport (5.1.4) lib/active_support/cache/strategy/local_cache_middleware.rb:27:in `call'
actionpack (5.1.4) lib/action_dispatch/middleware/executor.rb:12:in `call'
actionpack (5.1.4) lib/action_dispatch/middleware/static.rb:125:in `call'
rack (2.0.3) lib/rack/sendfile.rb:111:in `call'
railties (5.1.4) lib/rails/engine.rb:522:in `call'
puma (3.11.2) lib/puma/configuration.rb:225:in `call'
puma (3.11.2) lib/puma/server.rb:624:in `handle_request'
puma (3.11.2) lib/puma/server.rb:438:in `process_client'
puma (3.11.2) lib/puma/server.rb:302:in `block in run'
puma (3.11.2) lib/puma/thread_pool.rb:120:in `block in spawn_thread'
Started GET "/welcome/index" for 127.0.0.1 at 2018-02-06 20:52:30 -0600
Processing by WelcomeController#index as HTML
  Rendering welcome/index.html.erb within layouts/application
  Rendered welcome/index.html.erb within layouts/application (0.3ms)
Completed 200 OK in 3564ms (Views: 3258.5ms)


Started GET "/" for 127.0.0.1 at 2018-02-06 21:11:07 -0600
  
ActionController::RoutingError (uninitialized constant Welcome):
  
activesupport (5.1.4) lib/active_support/inflector/methods.rb:269:in `const_get'
activesupport (5.1.4) lib/active_support/inflector/methods.rb:269:in `block in constantize'
activesupport (5.1.4) lib/active_support/inflector/methods.rb:267:in `each'
activesupport (5.1.4) lib/active_support/inflector/methods.rb:267:in `inject'
activesupport (5.1.4) lib/active_support/inflector/methods.rb:267:in `constantize'
actionpack (5.1.4) lib/action_dispatch/http/request.rb:85:in `controller_class_for'
actionpack (5.1.4) lib/action_dispatch/http/request.rb:78:in `controller_class'
actionpack (5.1.4) lib/action_dispatch/routing/route_set.rb:43:in `controller'
actionpack (5.1.4) lib/action_dispatch/routing/route_set.rb:29:in `serve'
actionpack (5.1.4) lib/action_dispatch/journey/router.rb:50:in `block in serve'
actionpack (5.1.4) lib/action_dispatch/journey/router.rb:33:in `each'
actionpack (5.1.4) lib/action_dispatch/journey/router.rb:33:in `serve'
actionpack (5.1.4) lib/action_dispatch/routing/route_set.rb:834:in `call'
rack (2.0.3) lib/rack/etag.rb:25:in `call'
rack (2.0.3) lib/rack/conditional_get.rb:25:in `call'
rack (2.0.3) lib/rack/head.rb:12:in `call'
rack (2.0.3) lib/rack/session/abstract/id.rb:232:in `context'
rack (2.0.3) lib/rack/session/abstract/id.rb:226:in `call'
actionpack (5.1.4) lib/action_dispatch/middleware/cookies.rb:613:in `call'
activerecord (5.1.4) lib/active_record/migration.rb:556:in `call'
actionpack (5.1.4) lib/action_dispatch/middleware/callbacks.rb:26:in `block in call'
activesupport (5.1.4) lib/active_support/callbacks.rb:97:in `run_callbacks'
actionpack (5.1.4) lib/action_dispatch/middleware/callbacks.rb:24:in `call'
actionpack (5.1.4) lib/action_dispatch/middleware/executor.rb:12:in `call'
actionpack (5.1.4) lib/action_dispatch/middleware/debug_exceptions.rb:59:in `call'
web-console (3.5.1) lib/web_console/middleware.rb:135:in `call_app'
web-console (3.5.1) lib/web_console/middleware.rb:28:in `block in call'
web-console (3.5.1) lib/web_console/middleware.rb:18:in `catch'
web-console (3.5.1) lib/web_console/middleware.rb:18:in `call'
actionpack (5.1.4) lib/action_dispatch/middleware/show_exceptions.rb:31:in `call'
railties (5.1.4) lib/rails/rack/logger.rb:36:in `call_app'
railties (5.1.4) lib/rails/rack/logger.rb:24:in `block in call'
activesupport (5.1.4) lib/active_support/tagged_logging.rb:69:in `block in tagged'
activesupport (5.1.4) lib/active_support/tagged_logging.rb:26:in `tagged'
activesupport (5.1.4) lib/active_support/tagged_logging.rb:69:in `tagged'
railties (5.1.4) lib/rails/rack/logger.rb:24:in `call'
sprockets-rails (3.2.1) lib/sprockets/rails/quiet_assets.rb:13:in `call'
actionpack (5.1.4) lib/action_dispatch/middleware/remote_ip.rb:79:in `call'
actionpack (5.1.4) lib/action_dispatch/middleware/request_id.rb:25:in `call'
rack (2.0.3) lib/rack/method_override.rb:22:in `call'
rack (2.0.3) lib/rack/runtime.rb:22:in `call'
activesupport (5.1.4) lib/active_support/cache/strategy/local_cache_middleware.rb:27:in `call'
actionpack (5.1.4) lib/action_dispatch/middleware/executor.rb:12:in `call'
actionpack (5.1.4) lib/action_dispatch/middleware/static.rb:125:in `call'
rack (2.0.3) lib/rack/sendfile.rb:111:in `call'
railties (5.1.4) lib/rails/engine.rb:522:in `call'
puma (3.11.2) lib/puma/configuration.rb:225:in `call'
puma (3.11.2) lib/puma/server.rb:624:in `handle_request'
puma (3.11.2) lib/puma/server.rb:438:in `process_client'
puma (3.11.2) lib/puma/server.rb:302:in `block in run'
puma (3.11.2) lib/puma/thread_pool.rb:120:in `block in spawn_thread'
Started GET "/welcome/index" for 127.0.0.1 at 2018-02-06 21:11:27 -0600
Processing by WelcomeController#index as HTML
  Rendering welcome/index.html.erb within layouts/application
  Rendered welcome/index.html.erb within layouts/application (1.8ms)
Completed 500 Internal Server Error in 120ms


  
ActionView::Template::Error (Invalid CSS after "...trap-sprockets"": expected selector or at-rule, was "@import "bootst..."):
    4:     <title>Portfolio</title>
    5:     <%= csrf_meta_tags %>
    6: 
    7:     <%= stylesheet_link_tag    'application', media: 'all', 'data-turbolinks-track': 'reload' %>
    8:     <%= javascript_include_tag 'application', 'data-turbolinks-track': 'reload' %>
    9:   </head>
   10: 
  
app/assets/stylesheets/application.scss:18
app/views/layouts/application.html.erb:7:in `_app_views_layouts_application_html_erb___250899677874713856_70064027693320'
Started GET "/welcome/index" for 127.0.0.1 at 2018-02-06 21:12:14 -0600
Processing by WelcomeController#index as HTML
  Rendering welcome/index.html.erb
  Rendered welcome/index.html.erb (0.5ms)
Completed 200 OK in 5ms (Views: 2.0ms)


Started GET "/welcome/index" for 127.0.0.1 at 2018-02-06 21:16:07 -0600
Processing by WelcomeController#index as HTML
  Rendering welcome/index.html.erb
  Rendered welcome/index.html.erb (0.4ms)
Completed 200 OK in 3ms (Views: 2.2ms)


Started GET "/welcome/index" for 127.0.0.1 at 2018-02-06 21:16:09 -0600
Processing by WelcomeController#index as HTML
  Rendering welcome/index.html.erb
  Rendered welcome/index.html.erb (0.4ms)
Completed 200 OK in 3ms (Views: 2.4ms)


Started GET "/welcome/index" for 127.0.0.1 at 2018-02-06 21:19:08 -0600
Processing by WelcomeController#index as HTML
  Rendering welcome/index.html.erb
  Rendered welcome/index.html.erb (0.4ms)
Completed 200 OK in 4ms (Views: 2.4ms)


Started GET "/welcome/index" for 127.0.0.1 at 2018-02-06 21:26:43 -0600
Processing by WelcomeController#index as HTML
  Rendering welcome/index.html.erb
  Rendered welcome/index.html.erb (0.7ms)
Completed 200 OK in 5ms (Views: 3.4ms)


Started GET "/welcome/index" for 127.0.0.1 at 2018-02-06 21:26:44 -0600
Processing by WelcomeController#index as HTML
  Rendering welcome/index.html.erb
  Rendered welcome/index.html.erb (0.4ms)
Completed 200 OK in 3ms (Views: 2.0ms)


Started GET "/welcome/index" for 127.0.0.1 at 2018-02-06 21:27:01 -0600
Processing by WelcomeController#index as HTML
  Rendering welcome/index.html.erb
  Rendered welcome/index.html.erb (0.4ms)
Completed 200 OK in 3ms (Views: 1.9ms)


Started GET "/welcome/index" for 127.0.0.1 at 2018-02-06 21:27:01 -0600
Processing by WelcomeController#index as HTML
  Rendering welcome/index.html.erb
  Rendered welcome/index.html.erb (0.3ms)
Completed 200 OK in 2ms (Views: 1.6ms)


Started GET "/welcome/index" for 127.0.0.1 at 2018-02-06 21:27:02 -0600
Processing by WelcomeController#index as HTML
  Rendering welcome/index.html.erb
  Rendered welcome/index.html.erb (0.4ms)
Completed 200 OK in 3ms (Views: 1.8ms)


Started GET "/welcome/index" for 127.0.0.1 at 2018-02-06 21:28:47 -0600
Processing by WelcomeController#index as HTML
  Rendering welcome/index.html.erb
  Rendered welcome/index.html.erb (0.5ms)
Completed 200 OK in 5ms (Views: 3.1ms)


Started GET "/welcome/index" for 127.0.0.1 at 2018-02-06 21:28:48 -0600
Processing by WelcomeController#index as HTML
  Rendering welcome/index.html.erb
  Rendered welcome/index.html.erb (1.4ms)
Completed 200 OK in 5ms (Views: 4.0ms)


Started GET "/welcome/index" for 127.0.0.1 at 2018-02-06 21:28:48 -0600
Processing by WelcomeController#index as HTML
  Rendering welcome/index.html.erb
  Rendered welcome/index.html.erb (0.5ms)
Completed 200 OK in 4ms (Views: 3.0ms)


Started GET "/welcome/index" for 127.0.0.1 at 2018-02-06 21:34:13 -0600
Processing by WelcomeController#index as HTML
  Rendering welcome/index.html.erb
  Rendered welcome/index.html.erb (0.6ms)
Completed 200 OK in 3ms (Views: 2.1ms)


Started GET "/welcome/index" for 127.0.0.1 at 2018-02-06 21:34:14 -0600
Processing by WelcomeController#index as HTML
  Rendering welcome/index.html.erb
  Rendered welcome/index.html.erb (0.8ms)
Completed 200 OK in 5ms (Views: 3.0ms)


Started GET "/welcome/index" for 127.0.0.1 at 2018-02-06 21:34:14 -0600
Processing by WelcomeController#index as HTML
  Rendering welcome/index.html.erb
  Rendered welcome/index.html.erb (0.3ms)
Completed 200 OK in 2ms (Views: 1.4ms)


Started GET "/welcome/index" for 127.0.0.1 at 2018-02-06 21:34:14 -0600
Processing by WelcomeController#index as HTML
  Rendering welcome/index.html.erb
  Rendered welcome/index.html.erb (0.3ms)
Completed 200 OK in 2ms (Views: 1.4ms)


Started GET "/welcome/index" for 127.0.0.1 at 2018-02-06 21:34:15 -0600
Processing by WelcomeController#index as HTML
  Rendering welcome/index.html.erb
  Rendered welcome/index.html.erb (1.1ms)
Completed 200 OK in 5ms (Views: 4.0ms)


Started GET "/welcome/index" for 127.0.0.1 at 2018-02-06 21:34:45 -0600
Processing by WelcomeController#index as HTML
  Rendering welcome/index.html.erb
  Rendered welcome/index.html.erb (2.3ms)
Completed 200 OK in 331ms (Views: 6.9ms)


Started GET "/welcome/index" for 127.0.0.1 at 2018-02-06 21:41:08 -0600
Processing by WelcomeController#index as HTML
  Rendering welcome/index.html.erb
  Rendered welcome/index.html.erb (0.9ms)
Completed 200 OK in 209ms (Views: 6.5ms)


Started GET "/welcome/index" for 127.0.0.1 at 2018-02-06 21:42:04 -0600
Processing by WelcomeController#index as HTML
  Rendering welcome/index.html.erb
  Rendered welcome/index.html.erb (1.1ms)
Completed 200 OK in 216ms (Views: 6.1ms)


Started GET "/welcome/index" for 127.0.0.1 at 2018-02-06 21:42:05 -0600
Processing by WelcomeController#index as HTML
  Rendering welcome/index.html.erb
  Rendered welcome/index.html.erb (0.5ms)
Completed 200 OK in 3ms (Views: 1.8ms)


Started GET "/welcome/index" for 127.0.0.1 at 2018-02-06 21:42:05 -0600
Processing by WelcomeController#index as HTML
  Rendering welcome/index.html.erb
  Rendered welcome/index.html.erb (0.6ms)
Completed 200 OK in 4ms (Views: 2.9ms)


Started GET "/welcome/index" for 127.0.0.1 at 2018-02-06 21:42:06 -0600
Processing by WelcomeController#index as HTML
  Rendering welcome/index.html.erb
  Rendered welcome/index.html.erb (0.3ms)
Completed 200 OK in 3ms (Views: 2.0ms)


Started GET "/welcome/index" for 127.0.0.1 at 2018-02-06 21:45:08 -0600
Processing by WelcomeController#index as HTML
  Rendering welcome/index.html.erb
  Rendered welcome/index.html.erb (1.1ms)
Completed 200 OK in 209ms (Views: 6.1ms)


Started GET "/welcome/index" for 127.0.0.1 at 2018-02-06 21:45:09 -0600
Processing by WelcomeController#index as HTML
  Rendering welcome/index.html.erb
  Rendered welcome/index.html.erb (1.0ms)
Completed 200 OK in 7ms (Views: 5.0ms)


Started GET "/welcome/index" for 127.0.0.1 at 2018-02-06 21:47:03 -0600
Processing by WelcomeController#index as HTML
  Rendering welcome/index.html.erb
  Rendered welcome/index.html.erb (0.9ms)
Completed 200 OK in 4ms (Views: 3.0ms)


Started GET "/" for 127.0.0.1 at 2018-02-06 21:47:25 -0600
  
ActionController::RoutingError (uninitialized constant Welcome):
  
activesupport (5.1.4) lib/active_support/inflector/methods.rb:269:in `const_get'
activesupport (5.1.4) lib/active_support/inflector/methods.rb:269:in `block in constantize'
activesupport (5.1.4) lib/active_support/inflector/methods.rb:267:in `each'
activesupport (5.1.4) lib/active_support/inflector/methods.rb:267:in `inject'
activesupport (5.1.4) lib/active_support/inflector/methods.rb:267:in `constantize'
actionpack (5.1.4) lib/action_dispatch/http/request.rb:85:in `controller_class_for'
actionpack (5.1.4) lib/action_dispatch/http/request.rb:78:in `controller_class'
actionpack (5.1.4) lib/action_dispatch/routing/route_set.rb:43:in `controller'
actionpack (5.1.4) lib/action_dispatch/routing/route_set.rb:29:in `serve'
actionpack (5.1.4) lib/action_dispatch/journey/router.rb:50:in `block in serve'
actionpack (5.1.4) lib/action_dispatch/journey/router.rb:33:in `each'
actionpack (5.1.4) lib/action_dispatch/journey/router.rb:33:in `serve'
actionpack (5.1.4) lib/action_dispatch/routing/route_set.rb:834:in `call'
rack (2.0.3) lib/rack/etag.rb:25:in `call'
rack (2.0.3) lib/rack/conditional_get.rb:25:in `call'
rack (2.0.3) lib/rack/head.rb:12:in `call'
rack (2.0.3) lib/rack/session/abstract/id.rb:232:in `context'
rack (2.0.3) lib/rack/session/abstract/id.rb:226:in `call'
actionpack (5.1.4) lib/action_dispatch/middleware/cookies.rb:613:in `call'
activerecord (5.1.4) lib/active_record/migration.rb:556:in `call'
actionpack (5.1.4) lib/action_dispatch/middleware/callbacks.rb:26:in `block in call'
activesupport (5.1.4) lib/active_support/callbacks.rb:97:in `run_callbacks'
actionpack (5.1.4) lib/action_dispatch/middleware/callbacks.rb:24:in `call'
actionpack (5.1.4) lib/action_dispatch/middleware/executor.rb:12:in `call'
actionpack (5.1.4) lib/action_dispatch/middleware/debug_exceptions.rb:59:in `call'
web-console (3.5.1) lib/web_console/middleware.rb:135:in `call_app'
web-console (3.5.1) lib/web_console/middleware.rb:28:in `block in call'
web-console (3.5.1) lib/web_console/middleware.rb:18:in `catch'
web-console (3.5.1) lib/web_console/middleware.rb:18:in `call'
actionpack (5.1.4) lib/action_dispatch/middleware/show_exceptions.rb:31:in `call'
railties (5.1.4) lib/rails/rack/logger.rb:36:in `call_app'
railties (5.1.4) lib/rails/rack/logger.rb:24:in `block in call'
activesupport (5.1.4) lib/active_support/tagged_logging.rb:69:in `block in tagged'
activesupport (5.1.4) lib/active_support/tagged_logging.rb:26:in `tagged'
activesupport (5.1.4) lib/active_support/tagged_logging.rb:69:in `tagged'
railties (5.1.4) lib/rails/rack/logger.rb:24:in `call'
sprockets-rails (3.2.1) lib/sprockets/rails/quiet_assets.rb:13:in `call'
actionpack (5.1.4) lib/action_dispatch/middleware/remote_ip.rb:79:in `call'
actionpack (5.1.4) lib/action_dispatch/middleware/request_id.rb:25:in `call'
rack (2.0.3) lib/rack/method_override.rb:22:in `call'
rack (2.0.3) lib/rack/runtime.rb:22:in `call'
activesupport (5.1.4) lib/active_support/cache/strategy/local_cache_middleware.rb:27:in `call'
actionpack (5.1.4) lib/action_dispatch/middleware/executor.rb:12:in `call'
actionpack (5.1.4) lib/action_dispatch/middleware/static.rb:125:in `call'
rack (2.0.3) lib/rack/sendfile.rb:111:in `call'
railties (5.1.4) lib/rails/engine.rb:522:in `call'
puma (3.11.2) lib/puma/configuration.rb:225:in `call'
puma (3.11.2) lib/puma/server.rb:624:in `handle_request'
puma (3.11.2) lib/puma/server.rb:438:in `process_client'
puma (3.11.2) lib/puma/server.rb:302:in `block in run'
puma (3.11.2) lib/puma/thread_pool.rb:120:in `block in spawn_thread'
Started GET "/welcome" for 127.0.0.1 at 2018-02-06 21:47:34 -0600
  
ActionController::RoutingError (No route matches [GET] "/welcome"):
  
actionpack (5.1.4) lib/action_dispatch/middleware/debug_exceptions.rb:63:in `call'
web-console (3.5.1) lib/web_console/middleware.rb:135:in `call_app'
web-console (3.5.1) lib/web_console/middleware.rb:28:in `block in call'
web-console (3.5.1) lib/web_console/middleware.rb:18:in `catch'
web-console (3.5.1) lib/web_console/middleware.rb:18:in `call'
actionpack (5.1.4) lib/action_dispatch/middleware/show_exceptions.rb:31:in `call'
railties (5.1.4) lib/rails/rack/logger.rb:36:in `call_app'
railties (5.1.4) lib/rails/rack/logger.rb:24:in `block in call'
activesupport (5.1.4) lib/active_support/tagged_logging.rb:69:in `block in tagged'
activesupport (5.1.4) lib/active_support/tagged_logging.rb:26:in `tagged'
activesupport (5.1.4) lib/active_support/tagged_logging.rb:69:in `tagged'
railties (5.1.4) lib/rails/rack/logger.rb:24:in `call'
sprockets-rails (3.2.1) lib/sprockets/rails/quiet_assets.rb:13:in `call'
actionpack (5.1.4) lib/action_dispatch/middleware/remote_ip.rb:79:in `call'
actionpack (5.1.4) lib/action_dispatch/middleware/request_id.rb:25:in `call'
rack (2.0.3) lib/rack/method_override.rb:22:in `call'
rack (2.0.3) lib/rack/runtime.rb:22:in `call'
activesupport (5.1.4) lib/active_support/cache/strategy/local_cache_middleware.rb:27:in `call'
actionpack (5.1.4) lib/action_dispatch/middleware/executor.rb:12:in `call'
actionpack (5.1.4) lib/action_dispatch/middleware/static.rb:125:in `call'
rack (2.0.3) lib/rack/sendfile.rb:111:in `call'
railties (5.1.4) lib/rails/engine.rb:522:in `call'
puma (3.11.2) lib/puma/configuration.rb:225:in `call'
puma (3.11.2) lib/puma/server.rb:624:in `handle_request'
puma (3.11.2) lib/puma/server.rb:438:in `process_client'
puma (3.11.2) lib/puma/server.rb:302:in `block in run'
puma (3.11.2) lib/puma/thread_pool.rb:120:in `block in spawn_thread'
Started GET "/welcome/index" for 127.0.0.1 at 2018-02-06 21:47:38 -0600
Processing by WelcomeController#index as HTML
  Rendering welcome/index.html.erb
  Rendered welcome/index.html.erb (0.3ms)
Completed 200 OK in 182ms (Views: 3.3ms)


Started GET "/welcome/index" for 127.0.0.1 at 2018-02-06 21:47:41 -0600
Processing by WelcomeController#index as HTML
  Rendering welcome/index.html.erb
  Rendered welcome/index.html.erb (1.1ms)
Completed 200 OK in 4ms (Views: 3.1ms)


Started GET "/welcome/index" for 127.0.0.1 at 2018-02-06 21:47:41 -0600
Processing by WelcomeController#index as HTML
  Rendering welcome/index.html.erb
  Rendered welcome/index.html.erb (0.3ms)
Completed 200 OK in 3ms (Views: 2.1ms)


Started GET "/welcome/index" for 127.0.0.1 at 2018-02-06 21:47:42 -0600
Processing by WelcomeController#index as HTML
  Rendering welcome/index.html.erb
  Rendered welcome/index.html.erb (0.3ms)
Completed 200 OK in 3ms (Views: 2.1ms)


Started GET "/welcome/index" for 127.0.0.1 at 2018-02-06 21:47:42 -0600
Processing by WelcomeController#index as HTML
  Rendering welcome/index.html.erb
  Rendered welcome/index.html.erb (0.4ms)
Completed 200 OK in 5ms (Views: 3.0ms)


Started GET "/welcome/index" for 127.0.0.1 at 2018-02-06 21:47:42 -0600
Processing by WelcomeController#index as HTML
  Rendering welcome/index.html.erb
  Rendered welcome/index.html.erb (0.8ms)
Completed 200 OK in 3ms (Views: 2.7ms)


Started GET "/welcome/index" for 127.0.0.1 at 2018-02-06 21:47:42 -0600
Processing by WelcomeController#index as HTML
  Rendering welcome/index.html.erb
  Rendered welcome/index.html.erb (0.3ms)
Completed 200 OK in 3ms (Views: 2.0ms)


Started GET "/welcome/index" for 127.0.0.1 at 2018-02-06 21:47:42 -0600
Processing by WelcomeController#index as HTML
  Rendering welcome/index.html.erb
  Rendered welcome/index.html.erb (1.6ms)
Completed 200 OK in 7ms (Views: 5.8ms)


Started GET "/welcome/index" for 127.0.0.1 at 2018-02-06 21:47:42 -0600
Processing by WelcomeController#index as HTML
  Rendering welcome/index.html.erb
  Rendered welcome/index.html.erb (1.4ms)
Completed 200 OK in 5ms (Views: 4.1ms)


Started GET "/welcome/index" for 127.0.0.1 at 2018-02-06 21:47:43 -0600
Processing by WelcomeController#index as HTML
  Rendering welcome/index.html.erb
  Rendered welcome/index.html.erb (0.4ms)
Completed 200 OK in 3ms (Views: 2.4ms)


Started GET "/welcome/index" for 127.0.0.1 at 2018-02-06 21:47:43 -0600
Processing by WelcomeController#index as HTML
  Rendering welcome/index.html.erb
  Rendered welcome/index.html.erb (0.3ms)
Completed 200 OK in 3ms (Views: 2.2ms)


Started GET "/welcome/index" for 127.0.0.1 at 2018-02-06 21:49:57 -0600
Processing by WelcomeController#index as HTML
  Rendering welcome/index.html.erb
  Rendered welcome/index.html.erb (0.8ms)
Completed 200 OK in 192ms (Views: 4.5ms)


Started GET "/welcome/index" for 127.0.0.1 at 2018-02-06 21:54:58 -0600
Processing by WelcomeController#index as HTML
  Rendering welcome/index.html.erb
  Rendered welcome/index.html.erb (1.2ms)
Completed 200 OK in 225ms (Views: 5.2ms)


Started GET "/welcome/index" for 127.0.0.1 at 2018-02-06 21:54:59 -0600
Processing by WelcomeController#index as HTML
  Rendering welcome/index.html.erb
  Rendered welcome/index.html.erb (0.8ms)
Completed 200 OK in 4ms (Views: 3.5ms)


Started GET "/welcome/index" for 127.0.0.1 at 2018-02-06 22:01:36 -0600
Processing by WelcomeController#index as HTML
  Rendering welcome/index.html.erb
  Rendered welcome/index.html.erb (1.1ms)
Completed 200 OK in 238ms (Views: 5.6ms)


Started GET "/welcome/index" for 127.0.0.1 at 2018-02-06 22:01:37 -0600
Processing by WelcomeController#index as HTML
  Rendering welcome/index.html.erb
  Rendered welcome/index.html.erb (0.7ms)
Completed 200 OK in 4ms (Views: 3.4ms)


Started GET "/welcome/index" for 127.0.0.1 at 2018-02-06 22:01:37 -0600
Processing by WelcomeController#index as HTML
  Rendering welcome/index.html.erb
  Rendered welcome/index.html.erb (1.1ms)
Completed 200 OK in 5ms (Views: 3.3ms)


Started GET "/welcome/index" for 127.0.0.1 at 2018-02-06 22:01:38 -0600
Processing by WelcomeController#index as HTML
  Rendering welcome/index.html.erb
  Rendered welcome/index.html.erb (0.4ms)
Completed 200 OK in 4ms (Views: 2.6ms)


Started GET "/welcome/index" for 127.0.0.1 at 2018-02-06 22:04:05 -0600
Processing by WelcomeController#index as HTML
  Rendering welcome/index.html.erb
  Rendered welcome/index.html.erb (249.7ms)
Completed 500 Internal Server Error in 253ms


  
ActionView::Template::Error (The asset "application.css.scss.css" is not present in the asset pipeline.):
    1: <%= stylesheet_link_tag "application.css.scss" %>
    2: <h1 class="text-center text-muted">Jordi's Portfolios</h1>
    3: <button type="button" class="btn btn-primary">Primary</button>
  
app/views/welcome/index.html.erb:1:in `_app_views_welcome_index_html_erb__4258901050506796168_70248656978520'
Started GET "/welcome/index" for 127.0.0.1 at 2018-02-06 22:06:02 -0600
Processing by WelcomeController#index as HTML
  Rendering welcome/index.html.erb
  Rendered welcome/index.html.erb (155.8ms)
Completed 500 Internal Server Error in 158ms


  
ActionView::Template::Error (Invalid CSS after "...trap-sprockets"": expected selector or at-rule, was "@import "bootst..."):
    1: <%= stylesheet_link_tag "application" %>
    2: <h1 class="text-center text-muted">Jordi's Portfolios</h1>
    3: <button type="button" class="btn btn-primary">Primary</button>
  
app/assets/stylesheets/application.css.scss:2
app/views/welcome/index.html.erb:1:in `_app_views_welcome_index_html_erb__4258901050506796168_70248183120600'
Started POST "/__web_console/repl_sessions/b83ca2465ba4dab4469bc29a4b53376a/trace" for 127.0.0.1 at 2018-02-06 22:06:56 -0600
Started GET "/welcome/index" for 127.0.0.1 at 2018-02-06 22:07:51 -0600
Processing by WelcomeController#index as HTML
  Rendering welcome/index.html.erb
  Rendered welcome/index.html.erb (6884.2ms)
Completed 200 OK in 6889ms (Views: 6886.3ms)


Started GET "/welcome/index" for 127.0.0.1 at 2018-02-06 22:11:25 -0600
Processing by WelcomeController#index as HTML
  Rendering welcome/index.html.erb
  Rendered welcome/index.html.erb (15.5ms)
Completed 200 OK in 20ms (Views: 17.6ms)


Started GET "/welcome/index" for 127.0.0.1 at 2018-02-06 22:11:51 -0600
Processing by WelcomeController#index as HTML
  Rendering welcome/index.html.erb
  Rendered welcome/index.html.erb (13.8ms)
Completed 200 OK in 17ms (Views: 16.2ms)


Started GET "/welcome/index" for 127.0.0.1 at 2018-02-06 22:12:44 -0600
Processing by WelcomeController#index as HTML
  Rendering welcome/index.html.erb
  Rendered welcome/index.html.erb (14.7ms)
Completed 200 OK in 18ms (Views: 16.7ms)


Started GET "/welcome/index" for 127.0.0.1 at 2018-02-06 22:19:35 -0600
Processing by WelcomeController#index as HTML
  Rendering welcome/index.html.erb
  Rendered welcome/index.html.erb (16.7ms)
Completed 200 OK in 21ms (Views: 19.4ms)


Started GET "/welcome/index" for 127.0.0.1 at 2018-02-06 22:20:11 -0600
Processing by WelcomeController#index as HTML
  Rendering welcome/index.html.erb
  Rendered welcome/index.html.erb (359.2ms)
Completed 200 OK in 567ms (Views: 363.7ms)


Started GET "/welcome/index" for 127.0.0.1 at 2018-02-06 22:22:07 -0600
Processing by WelcomeController#index as HTML
  Rendering welcome/index.html.erb
  Rendered welcome/index.html.erb (17.6ms)
Completed 200 OK in 22ms (Views: 20.3ms)


Started GET "/welcome/index" for 127.0.0.1 at 2018-02-06 22:22:38 -0600
Processing by WelcomeController#index as HTML
  Rendering welcome/index.html.erb
  Rendered welcome/index.html.erb (43.4ms)
Completed 200 OK in 47ms (Views: 45.6ms)


Started GET "/welcome/index" for 127.0.0.1 at 2018-02-06 22:22:39 -0600
Processing by WelcomeController#index as HTML
  Rendering welcome/index.html.erb
  Rendered welcome/index.html.erb (31.6ms)
Completed 200 OK in 36ms (Views: 34.7ms)


Started GET "/welcome/index" for 127.0.0.1 at 2018-02-06 22:22:39 -0600
Processing by WelcomeController#index as HTML
  Rendering welcome/index.html.erb
  Rendered welcome/index.html.erb (37.0ms)
Completed 200 OK in 41ms (Views: 39.9ms)


Started GET "/welcome/index" for 127.0.0.1 at 2018-02-06 22:22:40 -0600
Processing by WelcomeController#index as HTML
  Rendering welcome/index.html.erb
  Rendered welcome/index.html.erb (21.0ms)
Completed 200 OK in 27ms (Views: 26.4ms)


Started GET "/welcome/index" for 127.0.0.1 at 2018-02-06 22:25:06 -0600
Processing by WelcomeController#index as HTML
  Rendering welcome/index.html.erb
  Rendered welcome/index.html.erb (15.5ms)
Completed 200 OK in 19ms (Views: 17.4ms)


Started GET "/welcome/index" for 127.0.0.1 at 2018-02-06 22:25:08 -0600
Processing by WelcomeController#index as HTML
  Rendering welcome/index.html.erb
  Rendered welcome/index.html.erb (13.7ms)
Completed 200 OK in 17ms (Views: 16.2ms)


Started GET "/welcome/index" for 127.0.0.1 at 2018-02-06 22:25:08 -0600
Processing by WelcomeController#index as HTML
  Rendering welcome/index.html.erb
  Rendered welcome/index.html.erb (15.7ms)
Completed 200 OK in 18ms (Views: 17.2ms)


Started GET "/welcome/index" for 127.0.0.1 at 2018-02-06 22:25:08 -0600
Processing by WelcomeController#index as HTML
  Rendering welcome/index.html.erb
  Rendered welcome/index.html.erb (15.3ms)
Completed 200 OK in 18ms (Views: 17.2ms)


Started GET "/welcome/index" for 127.0.0.1 at 2018-02-06 22:25:08 -0600
Processing by WelcomeController#index as HTML
  Rendering welcome/index.html.erb
  Rendered welcome/index.html.erb (14.8ms)
Completed 200 OK in 19ms (Views: 17.5ms)


Started GET "/welcome/index" for 127.0.0.1 at 2018-02-06 22:25:08 -0600
Processing by WelcomeController#index as HTML
  Rendering welcome/index.html.erb
  Rendered welcome/index.html.erb (17.6ms)
Completed 200 OK in 21ms (Views: 19.8ms)


Started GET "/welcome/index" for 127.0.0.1 at 2018-02-06 22:25:09 -0600
Processing by WelcomeController#index as HTML
  Rendering welcome/index.html.erb
  Rendered welcome/index.html.erb (24.4ms)
Completed 200 OK in 30ms (Views: 28.5ms)


Started GET "/welcome/index" for 127.0.0.1 at 2018-02-06 22:25:51 -0600
Processing by WelcomeController#index as HTML
  Rendering welcome/index.html.erb
  Rendered welcome/index.html.erb (13.7ms)
Completed 200 OK in 17ms (Views: 15.6ms)


Started GET "/welcome/index" for 127.0.0.1 at 2018-02-06 22:25:53 -0600
Processing by WelcomeController#index as HTML
  Rendering welcome/index.html.erb
  Rendered welcome/index.html.erb (10.6ms)
Completed 200 OK in 17ms (Views: 15.2ms)


Started GET "/welcome/index" for 127.0.0.1 at 2018-02-06 22:25:53 -0600
Processing by WelcomeController#index as HTML
  Rendering welcome/index.html.erb
  Rendered welcome/index.html.erb (12.4ms)
Completed 200 OK in 16ms (Views: 14.3ms)


Started GET "/welcome/index" for 127.0.0.1 at 2018-02-06 22:25:53 -0600
Processing by WelcomeController#index as HTML
  Rendering welcome/index.html.erb
  Rendered welcome/index.html.erb (12.9ms)
Completed 200 OK in 15ms (Views: 14.5ms)


Started GET "/welcome/index" for 127.0.0.1 at 2018-02-06 22:29:11 -0600
Processing by WelcomeController#index as HTML
  Rendering welcome/index.html.erb
  Rendered welcome/index.html.erb (3893.5ms)
Completed 200 OK in 4124ms (Views: 3897.3ms)


Started GET "/welcome/index" for 127.0.0.1 at 2018-02-06 22:29:42 -0600
Processing by WelcomeController#index as HTML
  Rendering welcome/index.html.erb
  Rendered welcome/index.html.erb (17.8ms)
Completed 200 OK in 21ms (Views: 19.7ms)


Started GET "/welcome/index" for 127.0.0.1 at 2018-02-06 22:30:00 -0600
Processing by WelcomeController#index as HTML
  Rendering welcome/index.html.erb
  Rendered welcome/index.html.erb (15.7ms)
Completed 200 OK in 19ms (Views: 17.6ms)


Started GET "/welcome/index" for 127.0.0.1 at 2018-02-06 22:30:01 -0600
Processing by WelcomeController#index as HTML
  Rendering welcome/index.html.erb
  Rendered welcome/index.html.erb (14.2ms)
Completed 200 OK in 18ms (Views: 16.9ms)


Started GET "/welcome/index" for 127.0.0.1 at 2018-02-06 22:30:01 -0600
Processing by WelcomeController#index as HTML
  Rendering welcome/index.html.erb
  Rendered welcome/index.html.erb (13.4ms)
Completed 200 OK in 17ms (Views: 16.8ms)


Started GET "/welcome/index" for 127.0.0.1 at 2018-02-06 22:30:21 -0600
Processing by WelcomeController#index as HTML
  Rendering welcome/index.html.erb
  Rendered welcome/index.html.erb (17.2ms)
Completed 200 OK in 20ms (Views: 19.2ms)


Started GET "/welcome/index" for 127.0.0.1 at 2018-02-06 22:33:18 -0600
Processing by WelcomeController#index as HTML
  Rendering welcome/index.html.erb
  Rendered welcome/index.html.erb (324.2ms)
Completed 200 OK in 541ms (Views: 328.0ms)


Started GET "/welcome/index" for 127.0.0.1 at 2018-02-06 22:33:57 -0600
Processing by WelcomeController#index as HTML
  Rendering welcome/index.html.erb
  Rendered welcome/index.html.erb (22.2ms)
Completed 200 OK in 28ms (Views: 25.0ms)


Started GET "/welcome/index" for 127.0.0.1 at 2018-02-06 22:39:42 -0600
Processing by WelcomeController#index as HTML
  Rendering welcome/index.html.erb
  Rendered welcome/index.html.erb (37.4ms)
Completed 200 OK in 65ms (Views: 62.2ms)


Started GET "/welcome/index" for 127.0.0.1 at 2018-02-06 22:40:07 -0600
Processing by WelcomeController#index as HTML
  Rendering welcome/index.html.erb
  Rendered welcome/index.html.erb (34.2ms)
Completed 200 OK in 42ms (Views: 40.8ms)


Started GET "/welcome/index" for 127.0.0.1 at 2018-02-06 22:41:21 -0600
Processing by WelcomeController#index as HTML
  Rendering welcome/index.html.erb
  Rendered welcome/index.html.erb (29.5ms)
Completed 200 OK in 36ms (Views: 33.4ms)


Started GET "/welcome/index" for 127.0.0.1 at 2018-02-06 22:55:53 -0600
Processing by WelcomeController#index as HTML
  Rendering welcome/index.html.erb
  Rendered welcome/index.html.erb (14.3ms)
Completed 200 OK in 20ms (Views: 17.9ms)


Started GET "/welcome/index" for 127.0.0.1 at 2018-02-06 23:29:17 -0600
Processing by WelcomeController#index as HTML
  Rendering welcome/index.html.erb
  Rendered welcome/index.html.erb (169.9ms)
Completed 200 OK in 181ms (Views: 174.7ms)


Started GET "/welcome/index" for 127.0.0.1 at 2018-02-06 23:30:07 -0600
Processing by WelcomeController#index as HTML
  Rendering welcome/index.html.erb
  Rendered welcome/index.html.erb (13.1ms)
Completed 200 OK in 16ms (Views: 15.2ms)


Started GET "/welcome/index" for 127.0.0.1 at 2018-02-06 23:30:10 -0600
Processing by WelcomeController#index as HTML
  Rendering welcome/index.html.erb
  Rendered welcome/index.html.erb (13.7ms)
Completed 200 OK in 17ms (Views: 15.9ms)


Started GET "/welcome/index" for 127.0.0.1 at 2018-02-06 23:31:02 -0600
Processing by WelcomeController#index as HTML
  Rendering welcome/index.html.erb
  Rendered welcome/index.html.erb (15.4ms)
Completed 200 OK in 18ms (Views: 16.8ms)


Started GET "/welcome/index" for 127.0.0.1 at 2018-02-06 23:34:34 -0600
Processing by WelcomeController#index as HTML
  Rendering welcome/index.html.erb
  Rendered welcome/index.html.erb (13.6ms)
Completed 200 OK in 17ms (Views: 15.5ms)


Started GET "/welcome/index" for 127.0.0.1 at 2018-02-06 23:36:25 -0600
Processing by WelcomeController#index as HTML
  Rendering welcome/index.html.erb
  Rendered welcome/index.html.erb (13.4ms)
Completed 200 OK in 17ms (Views: 14.9ms)


Started GET "/welcome/index" for 127.0.0.1 at 2018-02-06 23:44:09 -0600
Processing by WelcomeController#index as HTML
  Rendering welcome/index.html.erb
  Rendered welcome/index.html.erb (29.4ms)
Completed 200 OK in 33ms (Views: 31.8ms)


Started GET "/welcome/index" for 127.0.0.1 at 2018-02-06 23:45:50 -0600
Processing by WelcomeController#index as HTML
  Rendering welcome/index.html.erb
  Rendered welcome/index.html.erb (14.5ms)
Completed 200 OK in 18ms (Views: 16.6ms)


Started GET "/welcome/index" for 127.0.0.1 at 2018-02-06 23:46:56 -0600
Processing by WelcomeController#index as HTML
  Rendering welcome/index.html.erb
  Rendered welcome/index.html.erb (14.2ms)
Completed 200 OK in 16ms (Views: 15.8ms)


Started GET "/welcome/index" for 127.0.0.1 at 2018-02-06 23:47:20 -0600
Processing by WelcomeController#index as HTML
  Rendering welcome/index.html.erb
  Rendered welcome/index.html.erb (14.6ms)
Completed 200 OK in 18ms (Views: 16.5ms)


Started GET "/welcome/index" for 127.0.0.1 at 2018-02-06 23:47:46 -0600
Processing by WelcomeController#index as HTML
  Rendering welcome/index.html.erb
  Rendered welcome/index.html.erb (16.9ms)
Completed 200 OK in 21ms (Views: 19.5ms)


Started GET "/welcome/index" for 127.0.0.1 at 2018-02-06 23:50:32 -0600
Processing by WelcomeController#index as HTML
  Rendering welcome/index.html.erb
  Rendered welcome/index.html.erb (19.3ms)
Completed 200 OK in 24ms (Views: 22.5ms)


Started GET "/welcome/index" for 127.0.0.1 at 2018-02-06 23:50:57 -0600
Processing by WelcomeController#index as HTML
  Rendering welcome/index.html.erb
  Rendered welcome/index.html.erb (15.5ms)
Completed 200 OK in 18ms (Views: 17.5ms)


Started GET "/welcome/index" for 127.0.0.1 at 2018-02-06 23:51:25 -0600
Processing by WelcomeController#index as HTML
  Rendering welcome/index.html.erb
  Rendered welcome/index.html.erb (45.1ms)
Completed 200 OK in 48ms (Views: 47.2ms)


Started GET "/welcome/index" for 127.0.0.1 at 2018-02-06 23:52:10 -0600
Processing by WelcomeController#index as HTML
  Rendering welcome/index.html.erb
  Rendered welcome/index.html.erb (20.6ms)
Completed 200 OK in 24ms (Views: 22.9ms)


Started GET "/welcome/index" for 127.0.0.1 at 2018-02-06 23:53:11 -0600
Processing by WelcomeController#index as HTML
  Rendering welcome/index.html.erb
  Rendered welcome/index.html.erb (16.7ms)
Completed 200 OK in 20ms (Views: 19.0ms)


Started GET "/welcome/index" for 127.0.0.1 at 2018-02-06 23:55:32 -0600
Processing by WelcomeController#index as HTML
  Rendering welcome/index.html.erb
  Rendered welcome/index.html.erb (14.0ms)
Completed 200 OK in 17ms (Views: 16.0ms)


Started GET "/welcome/index" for 127.0.0.1 at 2018-02-06 23:55:33 -0600
Processing by WelcomeController#index as HTML
  Rendering welcome/index.html.erb
  Rendered welcome/index.html.erb (13.5ms)
Completed 200 OK in 17ms (Views: 16.0ms)


Started GET "/welcome/index" for 127.0.0.1 at 2018-02-06 23:56:14 -0600
Processing by WelcomeController#index as HTML
  Rendering welcome/index.html.erb
  Rendered welcome/index.html.erb (14.2ms)
Completed 200 OK in 17ms (Views: 15.9ms)


Started GET "/welcome/index" for 127.0.0.1 at 2018-02-06 23:56:15 -0600
Processing by WelcomeController#index as HTML
  Rendering welcome/index.html.erb
  Rendered welcome/index.html.erb (15.4ms)
Completed 200 OK in 17ms (Views: 16.7ms)


Started GET "/welcome/index" for 127.0.0.1 at 2018-02-06 23:56:54 -0600
Processing by WelcomeController#index as HTML
  Rendering welcome/index.html.erb
  Rendered welcome/index.html.erb (13.1ms)
Completed 200 OK in 16ms (Views: 15.1ms)


Started GET "/welcome/index" for 127.0.0.1 at 2018-02-06 23:56:55 -0600
Processing by WelcomeController#index as HTML
  Rendering welcome/index.html.erb
  Rendered welcome/index.html.erb (12.4ms)
Completed 200 OK in 18ms (Views: 14.3ms)


Started GET "/welcome/index" for 127.0.0.1 at 2018-02-06 23:56:56 -0600
Processing by WelcomeController#index as HTML
  Rendering welcome/index.html.erb
  Rendered welcome/index.html.erb (13.7ms)
Completed 200 OK in 16ms (Views: 15.1ms)


Started GET "/welcome/index" for 127.0.0.1 at 2018-02-06 23:58:01 -0600
Processing by WelcomeController#index as HTML
  Rendering welcome/index.html.erb
  Rendered welcome/index.html.erb (12.0ms)
Completed 200 OK in 15ms (Views: 13.8ms)


Started GET "/welcome/index" for 127.0.0.1 at 2018-02-06 23:59:22 -0600
Processing by WelcomeController#index as HTML
  Rendering welcome/index.html.erb
  Rendered welcome/index.html.erb (11.9ms)
Completed 200 OK in 15ms (Views: 13.9ms)


Started GET "/welcome/index" for 127.0.0.1 at 2018-02-07 00:00:12 -0600
Processing by WelcomeController#index as HTML
  Rendering welcome/index.html.erb
  Rendered welcome/index.html.erb (12.9ms)
Completed 200 OK in 15ms (Views: 14.4ms)


Started GET "/welcome/index" for 127.0.0.1 at 2018-02-07 00:00:13 -0600
Processing by WelcomeController#index as HTML
  Rendering welcome/index.html.erb
  Rendered welcome/index.html.erb (11.3ms)
Completed 200 OK in 14ms (Views: 13.0ms)


Started GET "/welcome/index" for 127.0.0.1 at 2018-02-07 00:01:36 -0600
Processing by WelcomeController#index as HTML
  Rendering welcome/index.html.erb
  Rendered welcome/index.html.erb (11.9ms)
Completed 200 OK in 15ms (Views: 13.8ms)


Started GET "/welcome/index" for 127.0.0.1 at 2018-02-07 00:01:37 -0600
Processing by WelcomeController#index as HTML
  Rendering welcome/index.html.erb
  Rendered welcome/index.html.erb (20.1ms)
Completed 200 OK in 25ms (Views: 22.1ms)


Started GET "/welcome/index" for 127.0.0.1 at 2018-02-07 00:02:10 -0600
Processing by WelcomeController#index as HTML
  Rendering welcome/index.html.erb
  Rendered welcome/index.html.erb (12.4ms)
Completed 200 OK in 16ms (Views: 14.7ms)


Started GET "/welcome/index" for 127.0.0.1 at 2018-02-07 00:03:40 -0600
Processing by WelcomeController#index as HTML
  Rendering welcome/index.html.erb
  Rendered welcome/index.html.erb (17.6ms)
Completed 200 OK in 21ms (Views: 19.8ms)


Started GET "/welcome/index" for 127.0.0.1 at 2018-02-07 00:04:20 -0600
Processing by WelcomeController#index as HTML
  Rendering welcome/index.html.erb
  Rendered welcome/index.html.erb (14.0ms)
Completed 200 OK in 19ms (Views: 15.7ms)


Started GET "/welcome/index" for 127.0.0.1 at 2018-02-07 00:04:56 -0600
Processing by WelcomeController#index as HTML
  Rendering welcome/index.html.erb
  Rendered welcome/index.html.erb (19.7ms)
Completed 200 OK in 25ms (Views: 23.1ms)


Started GET "/welcome/index" for 127.0.0.1 at 2018-02-07 00:04:57 -0600
Processing by WelcomeController#index as HTML
  Rendering welcome/index.html.erb
  Rendered welcome/index.html.erb (13.4ms)
Completed 200 OK in 17ms (Views: 15.1ms)


Started GET "/welcome/index" for 127.0.0.1 at 2018-02-07 00:07:39 -0600
Processing by WelcomeController#index as HTML
  Rendering welcome/index.html.erb
  Rendered welcome/index.html.erb (13.9ms)
Completed 200 OK in 18ms (Views: 15.7ms)


Started GET "/welcome/index" for 127.0.0.1 at 2018-02-07 00:08:07 -0600
Processing by WelcomeController#index as HTML
  Rendering welcome/index.html.erb
  Rendered welcome/index.html.erb (14.0ms)
Completed 200 OK in 18ms (Views: 16.4ms)


Started GET "/welcome/index" for 127.0.0.1 at 2018-02-07 00:08:09 -0600
Processing by WelcomeController#index as HTML
  Rendering welcome/index.html.erb
  Rendered welcome/index.html.erb (14.2ms)
Completed 200 OK in 17ms (Views: 15.6ms)


Started GET "/welcome/index" for 127.0.0.1 at 2018-02-07 00:08:29 -0600
Processing by WelcomeController#index as HTML
  Rendering welcome/index.html.erb
  Rendered welcome/index.html.erb (14.9ms)
Completed 200 OK in 18ms (Views: 16.7ms)


Started GET "/welcome/index" for 127.0.0.1 at 2018-02-07 00:09:24 -0600
Processing by WelcomeController#index as HTML
  Rendering welcome/index.html.erb
  Rendered welcome/index.html.erb (14.4ms)
Completed 200 OK in 22ms (Views: 16.5ms)


Started GET "/welcome/index" for 127.0.0.1 at 2018-02-07 00:10:11 -0600
Processing by WelcomeController#index as HTML
  Rendering welcome/index.html.erb
  Rendered welcome/index.html.erb (13.6ms)
Completed 200 OK in 17ms (Views: 15.7ms)


Started GET "/welcome/index" for 127.0.0.1 at 2018-02-07 00:10:25 -0600
Processing by WelcomeController#index as HTML
  Rendering welcome/index.html.erb
  Rendered welcome/index.html.erb (11.0ms)
Completed 200 OK in 15ms (Views: 12.8ms)


Started GET "/welcome/index" for 127.0.0.1 at 2018-02-07 00:10:41 -0600
Processing by WelcomeController#index as HTML
  Rendering welcome/index.html.erb
  Rendered welcome/index.html.erb (8.9ms)
Completed 200 OK in 11ms (Views: 10.2ms)


Started GET "/welcome/index" for 127.0.0.1 at 2018-02-07 00:10:42 -0600
Processing by WelcomeController#index as HTML
  Rendering welcome/index.html.erb
  Rendered welcome/index.html.erb (9.1ms)
Completed 200 OK in 13ms (Views: 11.9ms)


Started GET "/welcome/index" for 127.0.0.1 at 2018-02-07 00:10:43 -0600
Processing by WelcomeController#index as HTML
  Rendering welcome/index.html.erb
  Rendered welcome/index.html.erb (13.0ms)
Completed 200 OK in 16ms (Views: 14.7ms)


Started GET "/welcome/index" for 127.0.0.1 at 2018-02-07 00:10:43 -0600
Processing by WelcomeController#index as HTML
  Rendering welcome/index.html.erb
  Rendered welcome/index.html.erb (26.6ms)
Completed 200 OK in 31ms (Views: 30.4ms)


Started GET "/welcome/index" for 127.0.0.1 at 2018-02-07 00:10:43 -0600
Processing by WelcomeController#index as HTML
  Rendering welcome/index.html.erb
  Rendered welcome/index.html.erb (13.8ms)
Completed 200 OK in 17ms (Views: 15.9ms)


Started GET "/welcome/index" for 127.0.0.1 at 2018-02-07 00:11:04 -0600
Processing by WelcomeController#index as HTML
  Rendering welcome/index.html.erb
  Rendered welcome/index.html.erb (15.1ms)
Completed 200 OK in 17ms (Views: 16.4ms)


Started GET "/welcome/index" for 127.0.0.1 at 2018-02-07 00:11:17 -0600
Processing by WelcomeController#index as HTML
  Rendering welcome/index.html.erb
  Rendered welcome/index.html.erb (15.3ms)
Completed 200 OK in 18ms (Views: 17.4ms)


Started GET "/welcome/index" for 127.0.0.1 at 2018-02-07 00:12:24 -0600
Processing by WelcomeController#index as HTML
  Rendering welcome/index.html.erb
  Rendered welcome/index.html.erb (14.9ms)
Completed 200 OK in 19ms (Views: 17.5ms)


Started GET "/welcome/index" for 127.0.0.1 at 2018-02-07 00:12:25 -0600
Processing by WelcomeController#index as HTML
  Rendering welcome/index.html.erb
  Rendered welcome/index.html.erb (14.1ms)
Completed 200 OK in 18ms (Views: 16.5ms)


Started GET "/welcome/index" for 127.0.0.1 at 2018-02-07 00:12:25 -0600
Processing by WelcomeController#index as HTML
  Rendering welcome/index.html.erb
  Rendered welcome/index.html.erb (13.1ms)
Completed 200 OK in 16ms (Views: 14.9ms)


Started GET "/welcome/index" for 127.0.0.1 at 2018-02-07 00:12:25 -0600
Processing by WelcomeController#index as HTML
  Rendering welcome/index.html.erb
  Rendered welcome/index.html.erb (15.9ms)
Completed 200 OK in 20ms (Views: 17.9ms)


Started GET "/welcome/index" for 127.0.0.1 at 2018-02-07 00:12:25 -0600
Processing by WelcomeController#index as HTML
  Rendering welcome/index.html.erb
  Rendered welcome/index.html.erb (15.5ms)
Completed 200 OK in 18ms (Views: 17.7ms)


Started GET "/welcome/index" for 127.0.0.1 at 2018-02-07 00:12:59 -0600
Processing by WelcomeController#index as HTML
  Rendering welcome/index.html.erb
  Rendered welcome/index.html.erb (14.6ms)
Completed 200 OK in 18ms (Views: 16.5ms)


Started GET "/welcome/index" for 127.0.0.1 at 2018-02-07 00:13:42 -0600
Processing by WelcomeController#index as HTML
  Rendering welcome/index.html.erb
  Rendered welcome/index.html.erb (13.4ms)
Completed 200 OK in 16ms (Views: 15.4ms)


Started GET "/welcome/index" for 127.0.0.1 at 2018-02-07 00:14:02 -0600
Processing by WelcomeController#index as HTML
  Rendering welcome/index.html.erb
  Rendered welcome/index.html.erb (15.2ms)
Completed 200 OK in 21ms (Views: 18.0ms)


Started GET "/welcome/index" for 127.0.0.1 at 2018-02-07 00:14:03 -0600
Processing by WelcomeController#index as HTML
  Rendering welcome/index.html.erb
  Rendered welcome/index.html.erb (13.6ms)
Completed 200 OK in 18ms (Views: 15.9ms)


Started GET "/welcome/index" for 127.0.0.1 at 2018-02-07 00:14:13 -0600
Processing by WelcomeController#index as HTML
  Rendering welcome/index.html.erb
  Rendered welcome/index.html.erb (9.0ms)
Completed 200 OK in 13ms (Views: 11.6ms)


Started GET "/welcome/index" for 127.0.0.1 at 2018-02-07 00:15:00 -0600
Processing by WelcomeController#index as HTML
  Rendering welcome/index.html.erb
  Rendered welcome/index.html.erb (14.0ms)
Completed 200 OK in 17ms (Views: 15.8ms)


Started GET "/welcome/index" for 127.0.0.1 at 2018-02-07 00:15:01 -0600
Processing by WelcomeController#index as HTML
  Rendering welcome/index.html.erb
  Rendered welcome/index.html.erb (24.3ms)
Completed 200 OK in 27ms (Views: 25.8ms)


Started GET "/welcome/index" for 127.0.0.1 at 2018-02-07 00:15:58 -0600
Processing by WelcomeController#index as HTML
  Rendering welcome/index.html.erb
  Rendered welcome/index.html.erb (16.6ms)
Completed 200 OK in 20ms (Views: 19.0ms)


Started GET "/welcome/index" for 127.0.0.1 at 2018-02-07 00:15:59 -0600
Processing by WelcomeController#index as HTML
  Rendering welcome/index.html.erb
  Rendered welcome/index.html.erb (12.4ms)
Completed 200 OK in 17ms (Views: 14.4ms)


Started GET "/welcome/index" for 127.0.0.1 at 2018-02-07 00:16:00 -0600
Processing by WelcomeController#index as HTML
  Rendering welcome/index.html.erb
  Rendered welcome/index.html.erb (14.1ms)
Completed 200 OK in 17ms (Views: 16.1ms)


Started GET "/welcome/index" for 127.0.0.1 at 2018-02-07 00:16:00 -0600
Processing by WelcomeController#index as HTML
  Rendering welcome/index.html.erb
  Rendered welcome/index.html.erb (11.7ms)
Completed 200 OK in 14ms (Views: 13.6ms)


Started GET "/welcome/index" for 127.0.0.1 at 2018-02-07 00:17:51 -0600
Processing by WelcomeController#index as HTML
  Rendering welcome/index.html.erb
  Rendered welcome/index.html.erb (14.7ms)
Completed 200 OK in 18ms (Views: 17.2ms)


Started GET "/welcome/index" for 127.0.0.1 at 2018-02-07 00:17:52 -0600
Processing by WelcomeController#index as HTML
  Rendering welcome/index.html.erb
  Rendered welcome/index.html.erb (12.2ms)
Completed 200 OK in 15ms (Views: 13.6ms)


Started GET "/welcome/index" for 127.0.0.1 at 2018-02-07 00:17:52 -0600
Processing by WelcomeController#index as HTML
  Rendering welcome/index.html.erb
  Rendered welcome/index.html.erb (13.4ms)
Completed 200 OK in 17ms (Views: 15.1ms)


Started GET "/welcome/index" for 127.0.0.1 at 2018-02-07 00:17:53 -0600
Processing by WelcomeController#index as HTML
  Rendering welcome/index.html.erb
  Rendered welcome/index.html.erb (16.5ms)
Completed 200 OK in 20ms (Views: 19.1ms)


Started GET "/welcome/index" for 127.0.0.1 at 2018-02-07 00:17:53 -0600
Processing by WelcomeController#index as HTML
  Rendering welcome/index.html.erb
  Rendered welcome/index.html.erb (13.9ms)
Completed 200 OK in 17ms (Views: 15.9ms)


Started GET "/welcome/index" for 127.0.0.1 at 2018-02-07 00:17:53 -0600
Processing by WelcomeController#index as HTML
  Rendering welcome/index.html.erb
  Rendered welcome/index.html.erb (14.4ms)
Completed 200 OK in 17ms (Views: 16.1ms)


Started GET "/welcome/index" for 127.0.0.1 at 2018-02-07 00:18:53 -0600
Processing by WelcomeController#index as HTML
  Rendering welcome/index.html.erb
  Rendered welcome/index.html.erb (14.3ms)
Completed 200 OK in 17ms (Views: 16.0ms)


Started GET "/welcome/index" for 127.0.0.1 at 2018-02-07 00:18:55 -0600
Processing by WelcomeController#index as HTML
  Rendering welcome/index.html.erb
  Rendered welcome/index.html.erb (13.5ms)
Completed 200 OK in 16ms (Views: 15.7ms)


Started GET "/welcome/index" for 127.0.0.1 at 2018-02-07 00:19:10 -0600
Processing by WelcomeController#index as HTML
  Rendering welcome/index.html.erb
  Rendered welcome/index.html.erb (14.4ms)
Completed 200 OK in 19ms (Views: 16.5ms)


Started GET "/welcome/index" for 127.0.0.1 at 2018-02-07 00:19:10 -0600
Processing by WelcomeController#index as HTML
  Rendering welcome/index.html.erb
  Rendered welcome/index.html.erb (13.2ms)
Completed 200 OK in 17ms (Views: 14.9ms)


Started GET "/welcome/index" for 127.0.0.1 at 2018-02-07 00:19:10 -0600
Processing by WelcomeController#index as HTML
  Rendering welcome/index.html.erb
  Rendered welcome/index.html.erb (23.5ms)
Completed 200 OK in 27ms (Views: 25.8ms)


Started GET "/welcome/index" for 127.0.0.1 at 2018-02-07 00:19:11 -0600
Processing by WelcomeController#index as HTML
  Rendering welcome/index.html.erb
  Rendered welcome/index.html.erb (14.0ms)
Completed 200 OK in 18ms (Views: 16.8ms)


Started GET "/welcome/index" for 127.0.0.1 at 2018-02-07 00:22:57 -0600
Processing by WelcomeController#index as HTML
  Rendering welcome/index.html.erb
  Rendered welcome/index.html.erb (17.2ms)
Completed 200 OK in 23ms (Views: 20.4ms)


Started GET "/welcome/index" for 127.0.0.1 at 2018-02-07 00:23:28 -0600
Processing by WelcomeController#index as HTML
  Rendering welcome/index.html.erb
  Rendered welcome/index.html.erb (11.9ms)
Completed 200 OK in 15ms (Views: 14.0ms)


Started GET "/welcome/index" for 127.0.0.1 at 2018-02-07 00:26:11 -0600
Processing by WelcomeController#index as HTML
  Rendering welcome/index.html.erb
  Rendered welcome/index.html.erb (15.2ms)
Completed 200 OK in 19ms (Views: 17.2ms)


Started GET "/welcome/index" for 127.0.0.1 at 2018-02-07 00:29:33 -0600
Processing by WelcomeController#index as HTML
  Rendering welcome/index.html.erb
  Rendered welcome/index.html.erb (17.5ms)
Completed 200 OK in 21ms (Views: 19.7ms)


Started GET "/welcome/index" for 127.0.0.1 at 2018-02-07 00:32:33 -0600
Processing by WelcomeController#index as HTML
  Rendering welcome/index.html.erb
  Rendered welcome/index.html.erb (392.0ms)
Completed 200 OK in 396ms (Views: 394.8ms)


Started GET "/welcome/index" for 127.0.0.1 at 2018-02-07 00:33:58 -0600
Processing by WelcomeController#index as HTML
  Rendering welcome/index.html.erb
  Rendered welcome/index.html.erb (14.4ms)
Completed 200 OK in 18ms (Views: 16.3ms)


Started GET "/welcome/index" for 127.0.0.1 at 2018-02-07 00:34:00 -0600
Processing by WelcomeController#index as HTML
  Rendering welcome/index.html.erb
  Rendered welcome/index.html.erb (13.8ms)
Completed 200 OK in 17ms (Views: 16.0ms)


Started GET "/welcome/index" for 127.0.0.1 at 2018-02-07 00:34:22 -0600
Processing by WelcomeController#index as HTML
  Rendering welcome/index.html.erb
  Rendered welcome/index.html.erb (13.3ms)
Completed 200 OK in 16ms (Views: 15.2ms)


Started GET "/welcome/index" for 127.0.0.1 at 2018-02-07 00:34:24 -0600
Processing by WelcomeController#index as HTML
  Rendering welcome/index.html.erb
  Rendered welcome/index.html.erb (12.9ms)
Completed 200 OK in 16ms (Views: 14.8ms)


Started GET "/welcome/index" for 127.0.0.1 at 2018-02-07 00:34:43 -0600
Processing by WelcomeController#index as HTML
  Rendering welcome/index.html.erb
  Rendered welcome/index.html.erb (12.9ms)
Completed 200 OK in 17ms (Views: 15.8ms)


Started GET "/welcome/index" for 127.0.0.1 at 2018-02-07 00:34:44 -0600
Processing by WelcomeController#index as HTML
  Rendering welcome/index.html.erb
  Rendered welcome/index.html.erb (12.8ms)
Completed 200 OK in 20ms (Views: 17.5ms)


Started GET "/welcome/index" for 127.0.0.1 at 2018-02-07 00:35:19 -0600
Processing by WelcomeController#index as HTML
  Rendering welcome/index.html.erb
  Rendered welcome/index.html.erb (15.1ms)
Completed 200 OK in 17ms (Views: 16.5ms)


Started GET "/welcome/index" for 127.0.0.1 at 2018-02-07 00:35:20 -0600
Processing by WelcomeController#index as HTML
  Rendering welcome/index.html.erb
  Rendered welcome/index.html.erb (11.5ms)
Completed 200 OK in 15ms (Views: 13.8ms)


Started GET "/welcome/index" for 127.0.0.1 at 2018-02-07 00:35:21 -0600
Processing by WelcomeController#index as HTML
  Rendering welcome/index.html.erb
  Rendered welcome/index.html.erb (23.1ms)
Completed 200 OK in 28ms (Views: 25.3ms)


Started GET "/welcome/index" for 127.0.0.1 at 2018-02-07 00:35:21 -0600
Processing by WelcomeController#index as HTML
  Rendering welcome/index.html.erb
  Rendered welcome/index.html.erb (14.0ms)
Completed 200 OK in 17ms (Views: 15.6ms)


Started GET "/welcome/index" for 127.0.0.1 at 2018-02-07 00:35:21 -0600
Processing by WelcomeController#index as HTML
  Rendering welcome/index.html.erb
  Rendered welcome/index.html.erb (16.0ms)
Completed 200 OK in 19ms (Views: 17.9ms)


Started GET "/welcome/index" for 127.0.0.1 at 2018-02-07 00:35:21 -0600
Processing by WelcomeController#index as HTML
  Rendering welcome/index.html.erb
  Rendered welcome/index.html.erb (14.4ms)
Completed 200 OK in 19ms (Views: 17.4ms)


Started GET "/welcome/index" for 127.0.0.1 at 2018-02-07 00:35:21 -0600
Processing by WelcomeController#index as HTML
  Rendering welcome/index.html.erb
  Rendered welcome/index.html.erb (10.9ms)
Completed 200 OK in 15ms (Views: 13.4ms)


Started GET "/welcome/index" for 127.0.0.1 at 2018-02-07 00:35:31 -0600
Processing by WelcomeController#index as HTML
  Rendering welcome/index.html.erb
Started GET "/welcome/index" for 127.0.0.1 at 2018-02-07 00:35:31 -0600
Processing by WelcomeController#index as HTML
  Rendering welcome/index.html.erb
  Rendered welcome/index.html.erb (1010.9ms)
  Rendered welcome/index.html.erb (412.0ms)
Completed 200 OK in 1311ms (Views: 1019.9ms)


Completed 200 OK in 416ms (Views: 414.6ms)


Started GET "/welcome/index" for 127.0.0.1 at 2018-02-07 00:36:15 -0600
Processing by WelcomeController#index as HTML
  Rendering welcome/index.html.erb
  Rendered welcome/index.html.erb (35.0ms)
Completed 200 OK in 43ms (Views: 39.7ms)


Started GET "/welcome/index" for 127.0.0.1 at 2018-02-07 00:36:27 -0600
Processing by WelcomeController#index as HTML
  Rendering welcome/index.html.erb
  Rendered welcome/index.html.erb (15.6ms)
Completed 200 OK in 19ms (Views: 17.6ms)


Started GET "/welcome/index" for 127.0.0.1 at 2018-02-07 00:36:41 -0600
Processing by WelcomeController#index as HTML
  Rendering welcome/index.html.erb
  Rendered welcome/index.html.erb (13.4ms)
Completed 200 OK in 17ms (Views: 15.6ms)


Started GET "/welcome/index" for 127.0.0.1 at 2018-02-07 00:36:52 -0600
Processing by WelcomeController#index as HTML
  Rendering welcome/index.html.erb
  Rendered welcome/index.html.erb (14.2ms)
Completed 200 OK in 18ms (Views: 16.5ms)


Started GET "/welcome/index" for 127.0.0.1 at 2018-02-07 00:37:33 -0600
Processing by WelcomeController#index as HTML
  Rendering welcome/index.html.erb
  Rendered welcome/index.html.erb (15.5ms)
Completed 200 OK in 18ms (Views: 17.2ms)


Started GET "/welcome/index" for 127.0.0.1 at 2018-02-07 00:37:53 -0600
Processing by WelcomeController#index as HTML
  Rendering welcome/index.html.erb
  Rendered welcome/index.html.erb (13.7ms)
Completed 200 OK in 17ms (Views: 16.3ms)


Started GET "/welcome/index" for 127.0.0.1 at 2018-02-07 00:37:54 -0600
Processing by WelcomeController#index as HTML
  Rendering welcome/index.html.erb
  Rendered welcome/index.html.erb (14.2ms)
Completed 200 OK in 17ms (Views: 15.7ms)


Started GET "/welcome/index" for 127.0.0.1 at 2018-02-07 00:42:34 -0600
Processing by WelcomeController#index as HTML
  Rendering welcome/index.html.erb
  Rendered welcome/index.html.erb (15.9ms)
Completed 200 OK in 19ms (Views: 18.2ms)


Started GET "/welcome/index" for 127.0.0.1 at 2018-02-07 00:42:36 -0600
Processing by WelcomeController#index as HTML
  Rendering welcome/index.html.erb
  Rendered welcome/index.html.erb (15.5ms)
Completed 200 OK in 19ms (Views: 17.6ms)


Started GET "/welcome/index" for 127.0.0.1 at 2018-02-07 00:42:36 -0600
Processing by WelcomeController#index as HTML
  Rendering welcome/index.html.erb
  Rendered welcome/index.html.erb (13.6ms)
Completed 200 OK in 16ms (Views: 15.2ms)


Started GET "/welcome/index" for 127.0.0.1 at 2018-02-07 00:42:36 -0600
Processing by WelcomeController#index as HTML
  Rendering welcome/index.html.erb
  Rendered welcome/index.html.erb (20.3ms)
Completed 200 OK in 24ms (Views: 22.3ms)


Started GET "/welcome/index" for 127.0.0.1 at 2018-02-07 08:54:12 -0600
Processing by WelcomeController#index as HTML
  Rendering welcome/index.html.erb
  Rendered welcome/index.html.erb (382.5ms)
Completed 200 OK in 633ms (Views: 390.7ms)


Started GET "/welcome/index" for 127.0.0.1 at 2018-02-07 11:11:19 -0600
Processing by WelcomeController#index as HTML
  Rendering welcome/index.html.erb
  Rendered welcome/index.html.erb (395.6ms)
Completed 200 OK in 702ms (Views: 401.4ms)


Started GET "/welcome/index" for 127.0.0.1 at 2018-02-07 11:12:23 -0600
Processing by WelcomeController#index as HTML
  Rendering welcome/index.html.erb
  Rendered welcome/index.html.erb (28.2ms)
Completed 200 OK in 31ms (Views: 30.5ms)


Started GET "/welcome/index" for 127.0.0.1 at 2018-02-07 11:12:44 -0600
Processing by WelcomeController#index as HTML
  Rendering welcome/index.html.erb
  Rendered welcome/index.html.erb (38.4ms)
Completed 200 OK in 46ms (Views: 43.5ms)


Started GET "/welcome/index" for 127.0.0.1 at 2018-02-07 11:12:45 -0600
Processing by WelcomeController#index as HTML
  Rendering welcome/index.html.erb
  Rendered welcome/index.html.erb (27.0ms)
Completed 200 OK in 33ms (Views: 32.1ms)


Started GET "/welcome/index" for 127.0.0.1 at 2018-02-07 11:13:19 -0600
Processing by WelcomeController#index as HTML
  Rendering welcome/index.html.erb
  Rendered welcome/index.html.erb (30.8ms)
Completed 200 OK in 35ms (Views: 33.9ms)


Started GET "/welcome/index" for 127.0.0.1 at 2018-02-07 11:13:33 -0600
Processing by WelcomeController#index as HTML
  Rendering welcome/index.html.erb
  Rendered welcome/index.html.erb (14.6ms)
Completed 200 OK in 18ms (Views: 16.6ms)


Started GET "/welcome/index" for 127.0.0.1 at 2018-02-07 11:13:34 -0600
Processing by WelcomeController#index as HTML
  Rendering welcome/index.html.erb
  Rendered welcome/index.html.erb (14.1ms)
Completed 200 OK in 18ms (Views: 16.2ms)


Started GET "/welcome/index" for 127.0.0.1 at 2018-02-07 11:13:44 -0600
Processing by WelcomeController#index as HTML
  Rendering welcome/index.html.erb
  Rendered welcome/index.html.erb (13.0ms)
Completed 200 OK in 16ms (Views: 15.4ms)


Started GET "/welcome/index" for 127.0.0.1 at 2018-02-07 11:14:01 -0600
Processing by WelcomeController#index as HTML
  Rendering welcome/index.html.erb
  Rendered welcome/index.html.erb (14.0ms)
Completed 200 OK in 16ms (Views: 15.5ms)


Started GET "/welcome/index" for 127.0.0.1 at 2018-02-07 11:14:20 -0600
Processing by WelcomeController#index as HTML
  Rendering welcome/index.html.erb
  Rendered welcome/index.html.erb (21.5ms)
Completed 200 OK in 26ms (Views: 24.5ms)


Started GET "/welcome/index" for 127.0.0.1 at 2018-02-07 11:14:27 -0600
Processing by WelcomeController#index as HTML
  Rendering welcome/index.html.erb
  Rendered welcome/index.html.erb (11.6ms)
Completed 200 OK in 15ms (Views: 13.6ms)


Started GET "/welcome/index" for 127.0.0.1 at 2018-02-07 11:19:41 -0600
Processing by WelcomeController#index as HTML
  Rendering welcome/index.html.erb
  Rendered welcome/index.html.erb (23.7ms)
Completed 200 OK in 27ms (Views: 25.2ms)


Started GET "/welcome/index" for 127.0.0.1 at 2018-02-07 11:20:01 -0600
Processing by WelcomeController#index as HTML
  Rendering welcome/index.html.erb
  Rendered welcome/index.html.erb (11.5ms)
Completed 200 OK in 14ms (Views: 13.4ms)


Started GET "/welcome/index" for 127.0.0.1 at 2018-02-07 11:21:08 -0600
Processing by WelcomeController#index as HTML
  Rendering welcome/index.html.erb
  Rendered welcome/index.html.erb (12.7ms)
Completed 200 OK in 16ms (Views: 15.5ms)


Started GET "/welcome/index" for 127.0.0.1 at 2018-02-07 11:21:09 -0600
Processing by WelcomeController#index as HTML
  Rendering welcome/index.html.erb
  Rendered welcome/index.html.erb (11.0ms)
Completed 200 OK in 14ms (Views: 13.1ms)


Started GET "/welcome/index" for 127.0.0.1 at 2018-02-07 11:21:11 -0600
Processing by WelcomeController#index as HTML
  Rendering welcome/index.html.erb
  Rendered welcome/index.html.erb (13.2ms)
Completed 200 OK in 16ms (Views: 15.5ms)


Started GET "/welcome/index" for 127.0.0.1 at 2018-02-07 11:21:26 -0600
Processing by WelcomeController#index as HTML
  Rendering welcome/index.html.erb
  Rendered welcome/index.html.erb (12.0ms)
Completed 200 OK in 16ms (Views: 13.6ms)


Started GET "/welcome/index" for 127.0.0.1 at 2018-02-07 11:21:27 -0600
Processing by WelcomeController#index as HTML
  Rendering welcome/index.html.erb
  Rendered welcome/index.html.erb (10.7ms)
Completed 200 OK in 14ms (Views: 12.6ms)


Started GET "/welcome/index" for 127.0.0.1 at 2018-02-07 11:21:52 -0600
Processing by WelcomeController#index as HTML
  Rendering welcome/index.html.erb
  Rendered welcome/index.html.erb (13.2ms)
Completed 200 OK in 16ms (Views: 15.5ms)


Started GET "/welcome/index" for 127.0.0.1 at 2018-02-07 11:21:53 -0600
Processing by WelcomeController#index as HTML
  Rendering welcome/index.html.erb
  Rendered welcome/index.html.erb (17.3ms)
Completed 200 OK in 22ms (Views: 20.1ms)


Started GET "/welcome/index" for 127.0.0.1 at 2018-02-07 11:21:53 -0600
Processing by WelcomeController#index as HTML
  Rendering welcome/index.html.erb
  Rendered welcome/index.html.erb (15.5ms)
Completed 200 OK in 19ms (Views: 17.4ms)


Started GET "/welcome/index" for 127.0.0.1 at 2018-02-07 11:22:31 -0600
Processing by WelcomeController#index as HTML
  Rendering welcome/index.html.erb
  Rendered welcome/index.html.erb (13.3ms)
Completed 200 OK in 17ms (Views: 16.3ms)


Started GET "/welcome/index" for 127.0.0.1 at 2018-02-07 11:23:14 -0600
Processing by WelcomeController#index as HTML
  Rendering welcome/index.html.erb
  Rendered welcome/index.html.erb (16.1ms)
Completed 200 OK in 21ms (Views: 18.7ms)


Started GET "/welcome/index" for 127.0.0.1 at 2018-02-07 11:24:12 -0600
Processing by WelcomeController#index as HTML
  Rendering welcome/index.html.erb
  Rendered welcome/index.html.erb (12.6ms)
Completed 200 OK in 16ms (Views: 15.0ms)


Started GET "/welcome/index" for 127.0.0.1 at 2018-02-07 11:26:56 -0600
Processing by WelcomeController#index as HTML
  Rendering welcome/index.html.erb
  Rendered welcome/index.html.erb (26.2ms)
Completed 200 OK in 29ms (Views: 28.2ms)


Started GET "/welcome/index" for 127.0.0.1 at 2018-02-07 11:28:57 -0600
Processing by WelcomeController#index as HTML
  Rendering welcome/index.html.erb
  Rendered welcome/index.html.erb (26.8ms)
Completed 200 OK in 31ms (Views: 29.2ms)


Started GET "/welcome/index" for 127.0.0.1 at 2018-02-07 11:29:19 -0600
Processing by WelcomeController#index as HTML
  Rendering welcome/index.html.erb
  Rendered welcome/index.html.erb (11.3ms)
Completed 200 OK in 17ms (Views: 13.8ms)


Started GET "/welcome/index" for 127.0.0.1 at 2018-02-07 12:01:45 -0600
Processing by WelcomeController#index as HTML
  Rendering welcome/index.html.erb
  Rendered welcome/index.html.erb (17.7ms)
Completed 200 OK in 22ms (Views: 20.5ms)


Started GET "/welcome/index" for 127.0.0.1 at 2018-02-07 12:04:03 -0600
Processing by WelcomeController#index as HTML
  Rendering welcome/index.html.erb
  Rendered welcome/index.html.erb (14.0ms)
Completed 200 OK in 18ms (Views: 16.6ms)


Started GET "/welcome/index" for 127.0.0.1 at 2018-02-07 12:04:40 -0600
Processing by WelcomeController#index as HTML
  Rendering welcome/index.html.erb
  Rendered welcome/index.html.erb (361.0ms)
Completed 200 OK in 667ms (Views: 367.2ms)


Started GET "/welcome/index" for 127.0.0.1 at 2018-02-07 12:04:40 -0600
Processing by WelcomeController#index as HTML
  Rendering welcome/index.html.erb
  Rendered welcome/index.html.erb (18.7ms)
Completed 200 OK in 21ms (Views: 19.9ms)


Started GET "/welcome/index" for 127.0.0.1 at 2018-02-07 12:05:22 -0600
Processing by WelcomeController#index as HTML
  Rendering welcome/index.html.erb
  Rendered welcome/index.html.erb (31.8ms)
Completed 200 OK in 35ms (Views: 33.8ms)


Started GET "/welcome/index" for 127.0.0.1 at 2018-02-07 12:07:34 -0600
Processing by WelcomeController#index as HTML
  Rendering welcome/index.html.erb
  Rendered welcome/index.html.erb (33.1ms)
Completed 200 OK in 37ms (Views: 35.3ms)


Started GET "/welcome/index" for 127.0.0.1 at 2018-02-07 12:07:35 -0600
Processing by WelcomeController#index as HTML
  Rendering welcome/index.html.erb
  Rendered welcome/index.html.erb (29.6ms)
Completed 200 OK in 34ms (Views: 32.8ms)


Started GET "/welcome/index" for 127.0.0.1 at 2018-02-07 12:07:57 -0600
Processing by WelcomeController#index as HTML
  Rendering welcome/index.html.erb
  Rendered welcome/index.html.erb (14.3ms)
Completed 200 OK in 17ms (Views: 16.4ms)


Started GET "/welcome/index" for 127.0.0.1 at 2018-02-07 12:07:58 -0600
Processing by WelcomeController#index as HTML
  Rendering welcome/index.html.erb
  Rendered welcome/index.html.erb (18.3ms)
Completed 200 OK in 21ms (Views: 20.1ms)


Started GET "/welcome/index" for 127.0.0.1 at 2018-02-07 12:08:16 -0600
Processing by WelcomeController#index as HTML
  Rendering welcome/index.html.erb
  Rendered welcome/index.html.erb (9.6ms)
Completed 200 OK in 12ms (Views: 11.5ms)


Started GET "/welcome/index" for 127.0.0.1 at 2018-02-07 12:08:16 -0600
Processing by WelcomeController#index as HTML
  Rendering welcome/index.html.erb
  Rendered welcome/index.html.erb (9.8ms)
Completed 200 OK in 12ms (Views: 11.1ms)


Started GET "/welcome/index" for 127.0.0.1 at 2018-02-07 12:09:45 -0600
Processing by WelcomeController#index as HTML
  Rendering welcome/index.html.erb
  Rendered welcome/index.html.erb (13.5ms)
Completed 200 OK in 17ms (Views: 16.1ms)


Started GET "/welcome/index" for 127.0.0.1 at 2018-02-07 12:10:15 -0600
Processing by WelcomeController#index as HTML
  Rendering welcome/index.html.erb
  Rendered welcome/index.html.erb (12.6ms)
Completed 200 OK in 16ms (Views: 14.7ms)


Started GET "/welcome/index" for 127.0.0.1 at 2018-02-07 12:10:16 -0600
Processing by WelcomeController#index as HTML
  Rendering welcome/index.html.erb
  Rendered welcome/index.html.erb (15.2ms)
Completed 200 OK in 20ms (Views: 18.2ms)


Started GET "/welcome/index" for 127.0.0.1 at 2018-02-07 12:10:17 -0600
Processing by WelcomeController#index as HTML
  Rendering welcome/index.html.erb
  Rendered welcome/index.html.erb (9.8ms)
Completed 200 OK in 12ms (Views: 11.0ms)


Started GET "/welcome/index" for 127.0.0.1 at 2018-02-07 12:10:17 -0600
Processing by WelcomeController#index as HTML
  Rendering welcome/index.html.erb
  Rendered welcome/index.html.erb (11.8ms)
Completed 200 OK in 15ms (Views: 14.0ms)


Started GET "/welcome/index" for 127.0.0.1 at 2018-02-07 12:10:17 -0600
Processing by WelcomeController#index as HTML
  Rendering welcome/index.html.erb
  Rendered welcome/index.html.erb (22.3ms)
Completed 200 OK in 28ms (Views: 26.4ms)


Started GET "/welcome/index" for 127.0.0.1 at 2018-02-07 12:10:17 -0600
Processing by WelcomeController#index as HTML
  Rendering welcome/index.html.erb
  Rendered welcome/index.html.erb (16.4ms)
Completed 200 OK in 23ms (Views: 21.2ms)


Started GET "/welcome/index" for 127.0.0.1 at 2018-02-07 12:10:17 -0600
Processing by WelcomeController#index as HTML
  Rendering welcome/index.html.erb
  Rendered welcome/index.html.erb (14.6ms)
Completed 200 OK in 17ms (Views: 16.6ms)


Started GET "/welcome/index" for 127.0.0.1 at 2018-02-07 12:10:18 -0600
Processing by WelcomeController#index as HTML
  Rendering welcome/index.html.erb
  Rendered welcome/index.html.erb (10.1ms)
Completed 200 OK in 13ms (Views: 12.1ms)


Started GET "/welcome/index" for 127.0.0.1 at 2018-02-07 12:11:57 -0600
Processing by WelcomeController#index as HTML
  Rendering welcome/index.html.erb
  Rendered welcome/index.html.erb (14.7ms)
Completed 200 OK in 18ms (Views: 17.0ms)


Started GET "/welcome/index" for 127.0.0.1 at 2018-02-07 12:13:48 -0600
Processing by WelcomeController#index as HTML
  Rendering welcome/index.html.erb
  Rendered welcome/index.html.erb (15.5ms)
Completed 200 OK in 19ms (Views: 17.7ms)


Started GET "/welcome/index" for 127.0.0.1 at 2018-02-07 12:14:02 -0600
Processing by WelcomeController#index as HTML
  Rendering welcome/index.html.erb
  Rendered welcome/index.html.erb (18.6ms)
Completed 200 OK in 22ms (Views: 21.3ms)


Started GET "/welcome/index" for 127.0.0.1 at 2018-02-07 12:17:32 -0600
Processing by WelcomeController#index as HTML
  Rendering welcome/index.html.erb
  Rendered welcome/index.html.erb (15.7ms)
Completed 200 OK in 23ms (Views: 19.5ms)


Started GET "/welcome/index" for 127.0.0.1 at 2018-02-07 12:20:31 -0600
Processing by WelcomeController#index as HTML
  Rendering welcome/index.html.erb
  Rendered welcome/index.html.erb (15.8ms)
Completed 200 OK in 18ms (Views: 17.3ms)


Started GET "/welcome/index" for 127.0.0.1 at 2018-02-07 12:21:16 -0600
Processing by WelcomeController#index as HTML
  Rendering welcome/index.html.erb
  Rendered welcome/index.html.erb (16.1ms)
Completed 200 OK in 20ms (Views: 18.5ms)


Started GET "/welcome/index" for 127.0.0.1 at 2018-02-07 12:21:50 -0600
Processing by WelcomeController#index as HTML
  Rendering welcome/index.html.erb
  Rendered welcome/index.html.erb (13.1ms)
Completed 200 OK in 17ms (Views: 15.4ms)


Started GET "/welcome/index" for 127.0.0.1 at 2018-02-07 12:22:08 -0600
Processing by WelcomeController#index as HTML
  Rendering welcome/index.html.erb
  Rendered welcome/index.html.erb (13.4ms)
Completed 200 OK in 16ms (Views: 15.6ms)


Started GET "/welcome/index" for 127.0.0.1 at 2018-02-07 12:22:09 -0600
Processing by WelcomeController#index as HTML
  Rendering welcome/index.html.erb
  Rendered welcome/index.html.erb (10.7ms)
Completed 200 OK in 14ms (Views: 12.4ms)


Started GET "/welcome/index" for 127.0.0.1 at 2018-02-07 12:22:09 -0600
Processing by WelcomeController#index as HTML
  Rendering welcome/index.html.erb
  Rendered welcome/index.html.erb (12.1ms)
Completed 200 OK in 15ms (Views: 13.9ms)


Started GET "/welcome/index" for 127.0.0.1 at 2018-02-07 12:22:10 -0600
Processing by WelcomeController#index as HTML
  Rendering welcome/index.html.erb
  Rendered welcome/index.html.erb (15.4ms)
Completed 200 OK in 20ms (Views: 17.9ms)


Started GET "/welcome/index" for 127.0.0.1 at 2018-02-07 12:22:10 -0600
Processing by WelcomeController#index as HTML
  Rendering welcome/index.html.erb
  Rendered welcome/index.html.erb (13.1ms)
Completed 200 OK in 15ms (Views: 14.6ms)


Started GET "/welcome/index" for 127.0.0.1 at 2018-02-07 12:22:10 -0600
Processing by WelcomeController#index as HTML
  Rendering welcome/index.html.erb
  Rendered welcome/index.html.erb (14.6ms)
Completed 200 OK in 18ms (Views: 16.2ms)


Started GET "/welcome/index" for 127.0.0.1 at 2018-02-07 12:22:10 -0600
Processing by WelcomeController#index as HTML
  Rendering welcome/index.html.erb
  Rendered welcome/index.html.erb (15.5ms)
Completed 200 OK in 19ms (Views: 17.8ms)


Started GET "/welcome/index" for 127.0.0.1 at 2018-02-07 12:22:10 -0600
Processing by WelcomeController#index as HTML
  Rendering welcome/index.html.erb
  Rendered welcome/index.html.erb (13.2ms)
Completed 200 OK in 16ms (Views: 15.1ms)


Started GET "/welcome/index" for 127.0.0.1 at 2018-02-07 12:23:06 -0600
Processing by WelcomeController#index as HTML
  Rendering welcome/index.html.erb
  Rendered welcome/index.html.erb (10.1ms)
Completed 200 OK in 14ms (Views: 12.3ms)


Started GET "/welcome/index" for 127.0.0.1 at 2018-02-07 12:24:09 -0600
Processing by WelcomeController#index as HTML
  Rendering welcome/index.html.erb
  Rendered welcome/index.html.erb (11.8ms)
Completed 200 OK in 17ms (Views: 14.4ms)


Started GET "/welcome/index" for 127.0.0.1 at 2018-02-07 12:24:26 -0600
Processing by WelcomeController#index as HTML
  Rendering welcome/index.html.erb
  Rendered welcome/index.html.erb (14.9ms)
Completed 200 OK in 20ms (Views: 18.3ms)


Started GET "/welcome/index" for 127.0.0.1 at 2018-02-07 12:24:27 -0600
Processing by WelcomeController#index as HTML
  Rendering welcome/index.html.erb
  Rendered welcome/index.html.erb (13.4ms)
Completed 200 OK in 18ms (Views: 15.1ms)


Started GET "/welcome/index" for 127.0.0.1 at 2018-02-07 12:24:48 -0600
Processing by WelcomeController#index as HTML
  Rendering welcome/index.html.erb
  Rendered welcome/index.html.erb (20.7ms)
Completed 200 OK in 25ms (Views: 22.7ms)


Started GET "/welcome/index" for 127.0.0.1 at 2018-02-07 12:24:49 -0600
Processing by WelcomeController#index as HTML
  Rendering welcome/index.html.erb
  Rendered welcome/index.html.erb (12.4ms)
Completed 200 OK in 16ms (Views: 14.9ms)


Started GET "/welcome/index" for 127.0.0.1 at 2018-02-07 12:24:56 -0600
Processing by WelcomeController#index as HTML
  Rendering welcome/index.html.erb
  Rendered welcome/index.html.erb (10.6ms)
Completed 200 OK in 16ms (Views: 14.0ms)


Started GET "/welcome/index" for 127.0.0.1 at 2018-02-07 12:25:07 -0600
Processing by WelcomeController#index as HTML
  Rendering welcome/index.html.erb
  Rendered welcome/index.html.erb (11.0ms)
Completed 200 OK in 16ms (Views: 13.3ms)


Started GET "/welcome/index" for 127.0.0.1 at 2018-02-07 12:25:07 -0600
Processing by WelcomeController#index as HTML
  Rendering welcome/index.html.erb
  Rendered welcome/index.html.erb (10.9ms)
Completed 200 OK in 13ms (Views: 12.4ms)


Started GET "/welcome/index" for 127.0.0.1 at 2018-02-07 12:25:23 -0600
Processing by WelcomeController#index as HTML
  Rendering welcome/index.html.erb
  Rendered welcome/index.html.erb (9.4ms)
Completed 200 OK in 16ms (Views: 12.3ms)


Started GET "/welcome/index" for 127.0.0.1 at 2018-02-07 12:39:26 -0600
Processing by WelcomeController#index as HTML
  Rendering welcome/index.html.erb
  Rendered welcome/index.html.erb (14.4ms)
Completed 200 OK in 18ms (Views: 16.1ms)


Started GET "/welcome/index" for 127.0.0.1 at 2018-02-07 12:39:47 -0600
Processing by WelcomeController#index as HTML
  Rendering welcome/index.html.erb
  Rendered welcome/index.html.erb (18.7ms)
Completed 200 OK in 27ms (Views: 22.9ms)


Started GET "/welcome/index" for 127.0.0.1 at 2018-02-07 12:40:11 -0600
Processing by WelcomeController#index as HTML
  Rendering welcome/index.html.erb
  Rendered welcome/index.html.erb (10.6ms)
Completed 200 OK in 15ms (Views: 13.6ms)


Started GET "/welcome/index" for 127.0.0.1 at 2018-02-07 12:41:27 -0600
Processing by WelcomeController#index as HTML
  Rendering welcome/index.html.erb
  Rendered welcome/index.html.erb (15.8ms)
Completed 200 OK in 21ms (Views: 18.3ms)


Started GET "/welcome/index" for 127.0.0.1 at 2018-02-07 12:43:15 -0600
Processing by WelcomeController#index as HTML
  Rendering welcome/index.html.erb
  Rendered welcome/index.html.erb (23.7ms)
Completed 200 OK in 29ms (Views: 26.6ms)


Started GET "/welcome/index" for 127.0.0.1 at 2018-02-07 12:46:51 -0600
Processing by WelcomeController#index as HTML
  Rendering welcome/index.html.erb
  Rendered welcome/index.html.erb (16.8ms)
Completed 200 OK in 21ms (Views: 19.8ms)


Started GET "/welcome/index" for 127.0.0.1 at 2018-02-07 12:47:06 -0600
Processing by WelcomeController#index as HTML
  Rendering welcome/index.html.erb
  Rendered welcome/index.html.erb (13.9ms)
Completed 200 OK in 16ms (Views: 15.2ms)


Started GET "/welcome/index" for 127.0.0.1 at 2018-02-07 12:53:51 -0600
Processing by WelcomeController#index as HTML
  Rendering welcome/index.html.erb
  Rendered welcome/index.html.erb (15.0ms)
Completed 200 OK in 18ms (Views: 16.7ms)


Started GET "/" for 127.0.0.1 at 2018-02-07 20:18:53 -0600
Processing by WelcomeController#index as HTML
  Rendering welcome/index.html.erb
  Rendered welcome/index.html.erb (409.2ms)
Completed 200 OK in 676ms (Views: 417.3ms)


Started GET "/" for 127.0.0.1 at 2018-02-07 20:19:12 -0600
Processing by WelcomeController#index as HTML
  Rendering welcome/index.html.erb
  Rendered welcome/index.html.erb (271.2ms)
Completed 200 OK in 484ms (Views: 276.9ms)


Started GET "/" for 127.0.0.1 at 2018-02-07 20:21:47 -0600
Processing by WelcomeController#index as HTML
  Rendering welcome/index.html.erb
  Rendered welcome/index.html.erb (315.5ms)
Completed 200 OK in 531ms (Views: 320.1ms)


Started GET "/" for 127.0.0.1 at 2018-02-07 20:22:06 -0600
Processing by WelcomeController#index as HTML
  Rendering welcome/index.html.erb
  Rendered welcome/index.html.erb (24.8ms)
Completed 200 OK in 28ms (Views: 27.1ms)


Started GET "/" for 127.0.0.1 at 2018-02-07 20:29:17 -0600
Processing by WelcomeController#index as HTML
  Rendering welcome/index.html.erb
  Rendered welcome/index.html.erb (256.7ms)
Completed 200 OK in 421ms (Views: 260.7ms)


